2025-07-05 20:29:18,045 - semgrep.run_scan - DEBUG - semgrep version 1.4.0
2025-07-05 20:29:18,051 - semgrep.git - DEBUG - Failed to get project url from 'git ls-remote': Command failed with exit code: 128
-----
Command failed with output:
fatal: No remote configured to list refs from.


Failed to run 'git ls-remote --get-url'. Possible reasons:

- the git binary is not available
- the current working directory is not a git repository
- the baseline commit is not a parent of the current commit
    (if you are running through semgrep-app, check if you are setting `SEMGREP_BRANCH` or `SEMGREP_BASELINE_COMMIT` properly)
- the current working directory is not marked as safe
    (fix with `git config --global --add safe.directory $(pwd)`)

Try running the command yourself to debug the issue.
2025-07-05 20:29:18,051 - semgrep.config_resolver - DEBUG - Loading local config from /home/runner/workspace/.config/.semgrep/semgrep_rules.json
2025-07-05 20:29:18,053 - semgrep.config_resolver - DEBUG - Done loading local config from /home/runner/workspace/.config/.semgrep/semgrep_rules.json
2025-07-05 20:29:18,057 - semgrep.config_resolver - DEBUG - Saving rules to /tmp/semgrep-axlxogsw.rules
2025-07-05 20:29:18,840 - semgrep.rule_lang - DEBUG - semgrep-core validation response: valid=True
2025-07-05 20:29:18,841 - semgrep.rule_lang - DEBUG - semgrep-core validation succeeded
2025-07-05 20:29:18,841 - semgrep.rule_lang - DEBUG - RPC validation succeeded
2025-07-05 20:29:18,841 - semgrep.config_resolver - DEBUG - loaded 1 configs in 0.7899096012115479
2025-07-05 20:29:18,918 - semgrep.run_scan - VERBOSE - running 715 rules from 1 config /home/runner/workspace/.config/.semgrep/semgrep_rules.json_0
2025-07-05 20:29:18,918 - semgrep.run_scan - VERBOSE - No .semgrepignore found. Using default .semgrepignore rules. See the docs for the list of default ignores: https://semgrep.dev/docs/cli-usage/#ignore-files
2025-07-05 20:29:18,920 - semgrep.run_scan - VERBOSE - Rules:
2025-07-05 20:29:18,920 - semgrep.run_scan - VERBOSE - <SKIPPED DATA (too many entries; use --max-log-list-entries)>
2025-07-05 20:29:19,434 - semgrep.core_runner - DEBUG - Passing whole rules directly to semgrep_core
2025-07-05 20:29:19,632 - semgrep.core_runner - DEBUG - Running Semgrep engine with command:
2025-07-05 20:29:19,632 - semgrep.core_runner - DEBUG - /tmp/_MEIZkndic/semgrep/bin/opengrep-core -json -rules /tmp/tmp08rrut84.json -j 8 -targets /tmp/tmpy652cojo -timeout 5 -timeout_threshold 3 -max_memory 0 -fast
2025-07-05 20:29:31,556 - semgrep.core_runner - DEBUG - --- semgrep-core stderr ---
[00.07][[34mINFO[0m]: Executed as: /tmp/_MEIZkndic/semgrep/bin/opengrep-core -json -rules /tmp/tmp08rrut84.json -j 8 -targets /tmp/tmpy652cojo -timeout 5 -timeout_threshold 3 -max_memory 0 -fast
[00.07][[34mINFO[0m]: Version: 1.4.0
[00.07][[34mINFO[0m]: Parsing rules in /tmp/tmp08rrut84.json
[00.50][[34mINFO[0m]: scan: processing 370 files (skipping 0), with 457 rules (skipping 0 )
[02.77][[33mWARNING[0m]: Fixpoint timeout while performing taint analysis [rule: config..semgrep.vendored-rules.javascript.express.security.audit.express-open-redirect file: client/src/components/auth/auth-modal.tsx func: AuthModal:14461]
[0m[03.04][[33mWARNING[0m]: Fixpoint timeout while performing taint analysis [rule: config..semgrep.vendored-rules.javascript.browser.security.js-open-redirect-from-function file: client/src/components/auth/auth-modal.tsx func: AuthModal:14461]
[0m[03.04][[33mWARNING[0m]: Fixpoint timeout while performing taint analysis [rule: config..semgrep.vendored-rules.javascript.express.security.injection.raw-html-format file: client/src/pages/professionals.tsx func: Professionals:17821]
[0m[06.95][[33mWARNING[0m]: Fixpoint timeout while performing taint analysis [rule: config..semgrep.vendored-rules.javascript.express.security.injection.raw-html-format file: client/src/components/create-professional-form.tsx func: CreateProfessionalForm:71261]
[0m--- end semgrep-core stderr ---
2025-07-05 20:29:31,661 - semgrep.rule_match - DEBUG - match_key = ('', PosixPath('client/index.html'), 'config..semgrep.vendored-rules.html.security.audit.missing-integrity') match_id = 0ee74fd49637bebe183eca7188dbde26e386314e62cc2e7ba1ee60b377b638243fcd84e6c6fa04886198ccacfa6a711bfbcc61a28f9ddc913d5b3c53083cbc90_0
2025-07-05 20:29:31,662 - semgrep.rule_match - DEBUG - match_key = (' type="text/javascript" src="https://replit.com/public/js/replit-dev-banner.js" (?is).*integrity= (google-analytics\\.com|fonts\\.googleapis\\.com|fonts\\.gstatic\\.com|googletagmanager\\.com) .*rel\\s*=\\s*[\'"]?preconnect.* href="... :// ..." href="//..." href=\'... :// ...\' href=\'//...\' src="... :// ..." src="//..." src=\'... :// ...\' src=\'//...\' <link  type="text/javascript" src="https://replit.com/public/js/replit-dev-banner.js" > <script  type="text/javascript" src="https://replit.com/public/js/replit-dev-banner.js" >...</script>', PosixPath('client/index.html'), 'config..semgrep.vendored-rules.html.security.audit.missing-integrity') match_id = 0728b64e224596592d04447ba8a642ff94e1fb9fcc07be26d49dc7e7f6898e638ad16ffcaca086932c58f4c6400fe32603323afef02cf9bfebcb0e4a53562a40_0
2025-07-05 20:29:31,663 - semgrep.rule_match - DEBUG - match_key = (' type="text/javascript" src="https://replit.com/public/js/replit-dev-banner.js" (?is).*integrity= (google-analytics\\.com|fonts\\.googleapis\\.com|fonts\\.gstatic\\.com|googletagmanager\\.com) .*rel\\s*=\\s*[\'"]?preconnect.* href="... :// ..." href="//..." href=\'... :// ...\' href=\'//...\' src="... :// ..." src="//..." src=\'... :// ...\' src=\'//...\' <link  type="text/javascript" src="https://replit.com/public/js/replit-dev-banner.js" > <script  type="text/javascript" src="https://replit.com/public/js/replit-dev-banner.js" >...</script>', PosixPath('client/index.html'), 'config..semgrep.vendored-rules.html.security.audit.missing-integrity') match_id = 0728b64e224596592d04447ba8a642ff94e1fb9fcc07be26d49dc7e7f6898e638ad16ffcaca086932c58f4c6400fe32603323afef02cf9bfebcb0e4a53562a40_0
2025-07-05 20:29:31,664 - semgrep.rule_match - DEBUG - match_key = (' type="text/javascript" src="https://replit.com/public/js/replit-dev-banner.js" (?is).*integrity= (google-analytics\\.com|fonts\\.googleapis\\.com|fonts\\.gstatic\\.com|googletagmanager\\.com) .*rel\\s*=\\s*[\'"]?preconnect.* href="... :// ..." href="//..." href=\'... :// ...\' href=\'//...\' src="... :// ..." src="//..." src=\'... :// ...\' src=\'//...\' <link  type="text/javascript" src="https://replit.com/public/js/replit-dev-banner.js" > <script  type="text/javascript" src="https://replit.com/public/js/replit-dev-banner.js" >...</script>', PosixPath('client/index.html'), 'config..semgrep.vendored-rules.html.security.audit.missing-integrity') match_id = 0728b64e224596592d04447ba8a642ff94e1fb9fcc07be26d49dc7e7f6898e638ad16ffcaca086932c58f4c6400fe32603323afef02cf9bfebcb0e4a53562a40_0
2025-07-05 20:29:31,666 - semgrep.rule_match - DEBUG - match_key = ('', PosixPath('client/src/hooks/useUnreadMessages.ts'), 'config..semgrep.vendored-rules.javascript.lang.security.audit.unsafe-formatstring') match_id = a6ac21ff68c404aa5efb0b2e3bc17c5a1b03cb98553c6ef1b14bde12dad67758cac45fe5234cde4165fc196898b3bd928f094667627525b7249dec89db015187_0
2025-07-05 20:29:31,667 - semgrep.rule_match - DEBUG - match_key = ('"..." + "..."\n $X + $Y $X.concat($Y) `...${...}...`\n $X.concat("...")\n ``Error checking conversation conversation.id:` $UTIL = require(\'util\')\n...\n $UTIL.format(``Error checking conversation conversation.id:`,error,...)\n console.error(``Error checking conversation conversation.id:`,error,...)\n', PosixPath('client/src/hooks/useUnreadMessages.ts'), 'config..semgrep.vendored-rules.javascript.lang.security.audit.unsafe-formatstring') match_id = a4602e5f3daf75f5ac47741c7559928527272e254df7bcad4a73f4596e07a869fb4fdd9ae2317ae2c3dbb8b86e7f38d3096e62512a98529f2b328445fb191401_0
2025-07-05 20:29:31,668 - semgrep.rule_match - DEBUG - match_key = ('"..." + "..."\n $X + $Y $X.concat($Y) `...${...}...`\n $X.concat("...")\n ``Error checking conversation conversation.id:` $UTIL = require(\'util\')\n...\n $UTIL.format(``Error checking conversation conversation.id:`,error,...)\n console.error(``Error checking conversation conversation.id:`,error,...)\n', PosixPath('client/src/hooks/useUnreadMessages.ts'), 'config..semgrep.vendored-rules.javascript.lang.security.audit.unsafe-formatstring') match_id = a4602e5f3daf75f5ac47741c7559928527272e254df7bcad4a73f4596e07a869fb4fdd9ae2317ae2c3dbb8b86e7f38d3096e62512a98529f2b328445fb191401_0
2025-07-05 20:29:31,668 - semgrep.rule_match - DEBUG - match_key = ('"..." + "..."\n $X + $Y $X.concat($Y) `...${...}...`\n $X.concat("...")\n ``Error checking conversation conversation.id:` $UTIL = require(\'util\')\n...\n $UTIL.format(``Error checking conversation conversation.id:`,error,...)\n console.error(``Error checking conversation conversation.id:`,error,...)\n', PosixPath('client/src/hooks/useUnreadMessages.ts'), 'config..semgrep.vendored-rules.javascript.lang.security.audit.unsafe-formatstring') match_id = a4602e5f3daf75f5ac47741c7559928527272e254df7bcad4a73f4596e07a869fb4fdd9ae2317ae2c3dbb8b86e7f38d3096e62512a98529f2b328445fb191401_0
2025-07-05 20:29:31,670 - semgrep.rule_match - DEBUG - match_key = ('', PosixPath('server/emailService.ts'), 'config..semgrep.vendored-rules.javascript.lang.security.html-in-template-string') match_id = f66a58698860574504708f4dda006f619150f0f2f3024df2946fd0c1294a481c5832f022544d12b3da435491f4330c14f4288fdd9e7c5ebcba4940ca9a4aa1cc_0
2025-07-05 20:29:31,671 - semgrep.rule_match - DEBUG - match_key = ('</p>\n        <div class="footer">\n          <p>This verification link will expire in 24 hours.</p>\n          <p>If you didn\'t create an account with SocialTend, you can safely ignore this email.</p>\n        </div>\n      </div>\n    </body>\n    </html>\n   .*</?[a-zA-Z] `</p>\n        <div class="footer">\n          <p>This verification link will expire in 24 hours.</p>\n          <p>If you didn\'t create an account with SocialTend, you can safely ignore this email.</p>\n        </div>\n      </div>\n    </body>\n    </html>\n  ${verificationUrl}...`\n `...${verificationUrl}</p>\n        <div class="footer">\n          <p>This verification link will expire in 24 hours.</p>\n          <p>If you didn\'t create an account with SocialTend, you can safely ignore this email.</p>\n        </div>\n      </div>\n    </body>\n    </html>\n  `\n', PosixPath('server/emailService.ts'), 'config..semgrep.vendored-rules.javascript.lang.security.html-in-template-string') match_id = 16342ade18b211fe390eb5bf7bb2db838182cb2d5abbc8cacc5de230dec6bc3d5889ebf83f7c32bee7f98a758f48d66440eccf001fb3062e9664a14e6dfa9163_0
2025-07-05 20:29:31,673 - semgrep.rule_match - DEBUG - match_key = ('</p>\n        <div class="footer">\n          <p>This verification link will expire in 24 hours.</p>\n          <p>If you didn\'t create an account with SocialTend, you can safely ignore this email.</p>\n        </div>\n      </div>\n    </body>\n    </html>\n   .*</?[a-zA-Z] `</p>\n        <div class="footer">\n          <p>This verification link will expire in 24 hours.</p>\n          <p>If you didn\'t create an account with SocialTend, you can safely ignore this email.</p>\n        </div>\n      </div>\n    </body>\n    </html>\n  ${verificationUrl}...`\n `...${verificationUrl}</p>\n        <div class="footer">\n          <p>This verification link will expire in 24 hours.</p>\n          <p>If you didn\'t create an account with SocialTend, you can safely ignore this email.</p>\n        </div>\n      </div>\n    </body>\n    </html>\n  `\n', PosixPath('server/emailService.ts'), 'config..semgrep.vendored-rules.javascript.lang.security.html-in-template-string') match_id = 16342ade18b211fe390eb5bf7bb2db838182cb2d5abbc8cacc5de230dec6bc3d5889ebf83f7c32bee7f98a758f48d66440eccf001fb3062e9664a14e6dfa9163_0
2025-07-05 20:29:31,674 - semgrep.rule_match - DEBUG - match_key = ('</p>\n        <div class="footer">\n          <p>This verification link will expire in 24 hours.</p>\n          <p>If you didn\'t create an account with SocialTend, you can safely ignore this email.</p>\n        </div>\n      </div>\n    </body>\n    </html>\n   .*</?[a-zA-Z] `</p>\n        <div class="footer">\n          <p>This verification link will expire in 24 hours.</p>\n          <p>If you didn\'t create an account with SocialTend, you can safely ignore this email.</p>\n        </div>\n      </div>\n    </body>\n    </html>\n  ${verificationUrl}...`\n `...${verificationUrl}</p>\n        <div class="footer">\n          <p>This verification link will expire in 24 hours.</p>\n          <p>If you didn\'t create an account with SocialTend, you can safely ignore this email.</p>\n        </div>\n      </div>\n    </body>\n    </html>\n  `\n', PosixPath('server/emailService.ts'), 'config..semgrep.vendored-rules.javascript.lang.security.html-in-template-string') match_id = 16342ade18b211fe390eb5bf7bb2db838182cb2d5abbc8cacc5de230dec6bc3d5889ebf83f7c32bee7f98a758f48d66440eccf001fb3062e9664a14e6dfa9163_0
2025-07-05 20:29:31,675 - semgrep.rule_match - DEBUG - match_key = ('', PosixPath('server/emailService.ts'), 'config..semgrep.vendored-rules.javascript.lang.security.html-in-template-string') match_id = f66a58698860574504708f4dda006f619150f0f2f3024df2946fd0c1294a481c5832f022544d12b3da435491f4330c14f4288fdd9e7c5ebcba4940ca9a4aa1cc_0
2025-07-05 20:29:31,676 - semgrep.rule_match - DEBUG - match_key = ('</p>\n        <div class="footer">\n          <p>This reset link will expire in 1 hour.</p>\n          <p>If you didn\'t request a password reset, you can safely ignore this email.</p>\n        </div>\n      </div>\n    </body>\n    </html>\n   .*</?[a-zA-Z] `</p>\n        <div class="footer">\n          <p>This reset link will expire in 1 hour.</p>\n          <p>If you didn\'t request a password reset, you can safely ignore this email.</p>\n        </div>\n      </div>\n    </body>\n    </html>\n  ${resetUrl}...`\n `...${resetUrl}</p>\n        <div class="footer">\n          <p>This reset link will expire in 1 hour.</p>\n          <p>If you didn\'t request a password reset, you can safely ignore this email.</p>\n        </div>\n      </div>\n    </body>\n    </html>\n  `\n', PosixPath('server/emailService.ts'), 'config..semgrep.vendored-rules.javascript.lang.security.html-in-template-string') match_id = b721a15b6c5ea1bf7f162b387db8c342ab2140cf53a390281b5c3f0846b95da60715e178626c9335c2727a1922fc764639cc0e98b7d5ec1e437ed3002b9085c0_0
2025-07-05 20:29:31,677 - semgrep.rule_match - DEBUG - match_key = ('</p>\n        <div class="footer">\n          <p>This reset link will expire in 1 hour.</p>\n          <p>If you didn\'t request a password reset, you can safely ignore this email.</p>\n        </div>\n      </div>\n    </body>\n    </html>\n   .*</?[a-zA-Z] `</p>\n        <div class="footer">\n          <p>This reset link will expire in 1 hour.</p>\n          <p>If you didn\'t request a password reset, you can safely ignore this email.</p>\n        </div>\n      </div>\n    </body>\n    </html>\n  ${resetUrl}...`\n `...${resetUrl}</p>\n        <div class="footer">\n          <p>This reset link will expire in 1 hour.</p>\n          <p>If you didn\'t request a password reset, you can safely ignore this email.</p>\n        </div>\n      </div>\n    </body>\n    </html>\n  `\n', PosixPath('server/emailService.ts'), 'config..semgrep.vendored-rules.javascript.lang.security.html-in-template-string') match_id = b721a15b6c5ea1bf7f162b387db8c342ab2140cf53a390281b5c3f0846b95da60715e178626c9335c2727a1922fc764639cc0e98b7d5ec1e437ed3002b9085c0_0
2025-07-05 20:29:31,678 - semgrep.rule_match - DEBUG - match_key = ('</p>\n        <div class="footer">\n          <p>This reset link will expire in 1 hour.</p>\n          <p>If you didn\'t request a password reset, you can safely ignore this email.</p>\n        </div>\n      </div>\n    </body>\n    </html>\n   .*</?[a-zA-Z] `</p>\n        <div class="footer">\n          <p>This reset link will expire in 1 hour.</p>\n          <p>If you didn\'t request a password reset, you can safely ignore this email.</p>\n        </div>\n      </div>\n    </body>\n    </html>\n  ${resetUrl}...`\n `...${resetUrl}</p>\n        <div class="footer">\n          <p>This reset link will expire in 1 hour.</p>\n          <p>If you didn\'t request a password reset, you can safely ignore this email.</p>\n        </div>\n      </div>\n    </body>\n    </html>\n  `\n', PosixPath('server/emailService.ts'), 'config..semgrep.vendored-rules.javascript.lang.security.html-in-template-string') match_id = b721a15b6c5ea1bf7f162b387db8c342ab2140cf53a390281b5c3f0846b95da60715e178626c9335c2727a1922fc764639cc0e98b7d5ec1e437ed3002b9085c0_0
2025-07-05 20:29:31,679 - semgrep.rule_match - DEBUG - match_key = ('', PosixPath('server/middleware/logger.ts'), 'config..semgrep.vendored-rules.javascript.lang.security.audit.unsafe-formatstring') match_id = f9ac51b110b16d2ed604b1742a6a01b7cd28ded92f482c5d573d562271dca4e809cd8afa0931e7ee9bddafa05b7f6651d151c65965c3af5be3bc63fa5905b98d_0
2025-07-05 20:29:31,679 - semgrep.rule_match - DEBUG - match_key = ('"..." + "..."\n $X + $Y $X.concat($Y) `...${...}...`\n $X.concat("...")\n ``[entry.level.toUpperCase()] entry.timestamp - message` $UTIL = require(\'util\')\n...\n $UTIL.format(``[entry.level.toUpperCase()] entry.timestamp - message`,meta||\'\',...)\n console.log(``[entry.level.toUpperCase()] entry.timestamp - message`,meta||\'\',...)\n', PosixPath('server/middleware/logger.ts'), 'config..semgrep.vendored-rules.javascript.lang.security.audit.unsafe-formatstring') match_id = b1da59901fa0ad168aa902b81d6b4cadffbf568a1469e1edaa2e43fb21fcb4ba02582089c1119aa8c8ddeadb04e0279e67626c55951e99999cedb177de654699_0
2025-07-05 20:29:31,680 - semgrep.rule_match - DEBUG - match_key = ('"..." + "..."\n $X + $Y $X.concat($Y) `...${...}...`\n $X.concat("...")\n ``[entry.level.toUpperCase()] entry.timestamp - message` $UTIL = require(\'util\')\n...\n $UTIL.format(``[entry.level.toUpperCase()] entry.timestamp - message`,meta||\'\',...)\n console.log(``[entry.level.toUpperCase()] entry.timestamp - message`,meta||\'\',...)\n', PosixPath('server/middleware/logger.ts'), 'config..semgrep.vendored-rules.javascript.lang.security.audit.unsafe-formatstring') match_id = b1da59901fa0ad168aa902b81d6b4cadffbf568a1469e1edaa2e43fb21fcb4ba02582089c1119aa8c8ddeadb04e0279e67626c55951e99999cedb177de654699_0
2025-07-05 20:29:31,681 - semgrep.rule_match - DEBUG - match_key = ('"..." + "..."\n $X + $Y $X.concat($Y) `...${...}...`\n $X.concat("...")\n ``[entry.level.toUpperCase()] entry.timestamp - message` $UTIL = require(\'util\')\n...\n $UTIL.format(``[entry.level.toUpperCase()] entry.timestamp - message`,meta||\'\',...)\n console.log(``[entry.level.toUpperCase()] entry.timestamp - message`,meta||\'\',...)\n', PosixPath('server/middleware/logger.ts'), 'config..semgrep.vendored-rules.javascript.lang.security.audit.unsafe-formatstring') match_id = b1da59901fa0ad168aa902b81d6b4cadffbf568a1469e1edaa2e43fb21fcb4ba02582089c1119aa8c8ddeadb04e0279e67626c55951e99999cedb177de654699_0
2025-07-05 20:29:31,682 - semgrep.rule_match - DEBUG - match_key = ('', PosixPath('server/routes.ts'), 'config..semgrep.vendored-rules.javascript.lang.security.audit.unsafe-formatstring') match_id = e24e3288a32c9ad4921da20b227a0587a0596856ea79e7c29c73137fde834094f382cf9604ac765ec32471f83cf1196712bec140c3a2b18c933a6c2a040a826f_0
2025-07-05 20:29:31,682 - semgrep.rule_match - DEBUG - match_key = ('"..." + "..."\n $X + $Y $X.concat($Y) `...${...}...`\n $X.concat("...")\n ``Creating conversation for user userId with role userRole:` $UTIL = require(\'util\')\n...\n $UTIL.format(``Creating conversation for user userId with role userRole:`,req.body,...)\n console.log(``Creating conversation for user userId with role userRole:`,req.body,...)\n', PosixPath('server/routes.ts'), 'config..semgrep.vendored-rules.javascript.lang.security.audit.unsafe-formatstring') match_id = 211672678b8751befa66e4544b9180afa80dbd1b0d31ed72a013f2973599c6266d5901406e9d0e43efe3750a390994cabcf76e0bee9f41717d3496c6ed93f2c0_0
2025-07-05 20:29:31,683 - semgrep.rule_match - DEBUG - match_key = ('"..." + "..."\n $X + $Y $X.concat($Y) `...${...}...`\n $X.concat("...")\n ``Creating conversation for user userId with role userRole:` $UTIL = require(\'util\')\n...\n $UTIL.format(``Creating conversation for user userId with role userRole:`,req.body,...)\n console.log(``Creating conversation for user userId with role userRole:`,req.body,...)\n', PosixPath('server/routes.ts'), 'config..semgrep.vendored-rules.javascript.lang.security.audit.unsafe-formatstring') match_id = 211672678b8751befa66e4544b9180afa80dbd1b0d31ed72a013f2973599c6266d5901406e9d0e43efe3750a390994cabcf76e0bee9f41717d3496c6ed93f2c0_0
2025-07-05 20:29:31,683 - semgrep.rule_match - DEBUG - match_key = ('"..." + "..."\n $X + $Y $X.concat($Y) `...${...}...`\n $X.concat("...")\n ``Creating conversation for user userId with role userRole:` $UTIL = require(\'util\')\n...\n $UTIL.format(``Creating conversation for user userId with role userRole:`,req.body,...)\n console.log(``Creating conversation for user userId with role userRole:`,req.body,...)\n', PosixPath('server/routes.ts'), 'config..semgrep.vendored-rules.javascript.lang.security.audit.unsafe-formatstring') match_id = 211672678b8751befa66e4544b9180afa80dbd1b0d31ed72a013f2973599c6266d5901406e9d0e43efe3750a390994cabcf76e0bee9f41717d3496c6ed93f2c0_0
2025-07-05 20:29:31,684 - semgrep.rule_match - DEBUG - match_key = ('', PosixPath('server/routes.ts'), 'config..semgrep.vendored-rules.javascript.lang.security.audit.unsafe-formatstring') match_id = e24e3288a32c9ad4921da20b227a0587a0596856ea79e7c29c73137fde834094f382cf9604ac765ec32471f83cf1196712bec140c3a2b18c933a6c2a040a826f_0
2025-07-05 20:29:31,685 - semgrep.rule_match - DEBUG - match_key = ('"..." + "..."\n $X + $Y $X.concat($Y) `...${...}...`\n $X.concat("...")\n ``Fetching service requests for user userId with role role:` $UTIL = require(\'util\')\n...\n $UTIL.format(``Fetching service requests for user userId with role role:`,requests,...)\n console.log(``Fetching service requests for user userId with role role:`,requests,...)\n', PosixPath('server/routes.ts'), 'config..semgrep.vendored-rules.javascript.lang.security.audit.unsafe-formatstring') match_id = 2cdae9b4d0587c0c107954f2d4d9d500fbd569c1afb4a4755863e9c1492a51f708076336db1c390f34ba12f44dc24329bd1cf631ecd93ad09626d3dee35913c5_0
2025-07-05 20:29:31,685 - semgrep.rule_match - DEBUG - match_key = ('"..." + "..."\n $X + $Y $X.concat($Y) `...${...}...`\n $X.concat("...")\n ``Fetching service requests for user userId with role role:` $UTIL = require(\'util\')\n...\n $UTIL.format(``Fetching service requests for user userId with role role:`,requests,...)\n console.log(``Fetching service requests for user userId with role role:`,requests,...)\n', PosixPath('server/routes.ts'), 'config..semgrep.vendored-rules.javascript.lang.security.audit.unsafe-formatstring') match_id = 2cdae9b4d0587c0c107954f2d4d9d500fbd569c1afb4a4755863e9c1492a51f708076336db1c390f34ba12f44dc24329bd1cf631ecd93ad09626d3dee35913c5_0
2025-07-05 20:29:31,686 - semgrep.rule_match - DEBUG - match_key = ('"..." + "..."\n $X + $Y $X.concat($Y) `...${...}...`\n $X.concat("...")\n ``Fetching service requests for user userId with role role:` $UTIL = require(\'util\')\n...\n $UTIL.format(``Fetching service requests for user userId with role role:`,requests,...)\n console.log(``Fetching service requests for user userId with role role:`,requests,...)\n', PosixPath('server/routes.ts'), 'config..semgrep.vendored-rules.javascript.lang.security.audit.unsafe-formatstring') match_id = 2cdae9b4d0587c0c107954f2d4d9d500fbd569c1afb4a4755863e9c1492a51f708076336db1c390f34ba12f44dc24329bd1cf631ecd93ad09626d3dee35913c5_0
2025-07-05 20:29:31,688 - semgrep.core_runner - DEBUG - semgrep ran in 0:00:12.254057 on 125 files
2025-07-05 20:29:31,690 - semgrep.core_runner - DEBUG - findings summary: 3 warning, 0 error, 4 info
2025-07-05 20:29:31,693 - semgrep.app.auth - DEBUG - Getting API token from settings file
2025-07-05 20:29:31,693 - semgrep.app.auth - DEBUG - No API token found in settings file
2025-07-05 20:29:31,813 - semgrep.output - VERBOSE - 
========================================
Files skipped:
========================================

  Always skipped by Opengrep:

   • <none>

  Skipped by .gitignore:
  (Disable by passing --no-git-ignore)

   • <all files not listed by `git ls-files` were skipped>

  Skipped by .semgrepignore:
  - https://semgrep.dev/docs/ignoring-files-folders-code/#understand-semgrep-defaults

   • <none>

  Skipped by --include patterns:

   • <none>

  Skipped by --exclude patterns:

   • <none>

  Files skipped due to insufficient read permissions:

   • <none>

  Skipped by limiting to files smaller than 1000000 bytes:
  (Adjust with the --max-target-bytes flag)

   • <none>

  Partially analyzed due to parsing or internal Opengrep errors

   • tailwind.config.ts (1 lines skipped)

2025-07-05 20:29:31,814 - semgrep.output - INFO - Some files were skipped or only partially analyzed.
  Scan was limited to files tracked by git.
  Partially scanned: 1 files only partially analyzed due to parsing or internal Opengrep errors

Ran 438 rules on 125 files: 7 findings.
2025-07-05 20:29:31,815 - semgrep.app.version - DEBUG - Version cache does not exist
2025-07-05 20:29:31,829 - semgrep.metrics - VERBOSE - Not sending pseudonymous metrics since metrics are configured to OFF and registry usage is False
